<?xml version="1.0" encoding="UTF-8"?>
<testsuite xmlns:xsi="http://www.w3.org/2001/XMLSchema-instance" xsi:noNamespaceSchemaLocation="https://maven.apache.org/surefire/maven-surefire-plugin/xsd/surefire-test-report.xsd" name="org.tel.sales.module.account.AppTest" time="0.037" tests="1" errors="0" skipped="0" failures="0">
  <properties>
    <property name="sun.desktop" value="windows"/>
    <property name="awt.toolkit" value="sun.awt.windows.WToolkit"/>
    <property name="file.encoding.pkg" value="sun.io"/>
    <property name="java.specification.version" value="1.8"/>
    <property name="sun.cpu.isalist" value="amd64"/>
    <property name="sun.jnu.encoding" value="GBK"/>
    <property name="java.class.path" value="D:\dev\dev-work\tongze_dev3\tel-sales-parent\tel-sales-module-account\target\test-classes;D:\dev\dev-work\tongze_dev3\tel-sales-parent\tel-sales-module-account\target\classes;D:\dev\dev-work\tongze_dev3\tel-sales-parent\tel-sales-persistence\target\tel-sales-persistence-0.0.1-SNAPSHOT.jar;D:\dev\soft\apache\maven\m2\org\apache\commons\commons-dbcp2\2.2.0\commons-dbcp2-2.2.0.jar;D:\dev\soft\apache\maven\m2\org\apache\commons\commons-pool2\2.5.0\commons-pool2-2.5.0.jar;D:\dev\soft\apache\maven\m2\com\baomidou\mybatis-plus-boot-starter\3.0.1\mybatis-plus-boot-starter-3.0.1.jar;D:\dev\soft\apache\maven\m2\com\baomidou\mybatis-plus\3.0.1\mybatis-plus-3.0.1.jar;D:\dev\soft\apache\maven\m2\com\baomidou\mybatis-plus-extension\3.0.1\mybatis-plus-extension-3.0.1.jar;D:\dev\soft\apache\maven\m2\com\baomidou\mybatis-plus-core\3.0.1\mybatis-plus-core-3.0.1.jar;D:\dev\soft\apache\maven\m2\com\baomidou\mybatis-plus-annotation\3.0.1\mybatis-plus-annotation-3.0.1.jar;D:\dev\soft\apache\maven\m2\com\github\jsqlparser\jsqlparser\1.2\jsqlparser-1.2.jar;D:\dev\soft\apache\maven\m2\org\mybatis\mybatis-spring\1.3.2\mybatis-spring-1.3.2.jar;D:\dev\soft\apache\maven\m2\org\mybatis\mybatis\3.4.6\mybatis-3.4.6.jar;D:\dev\soft\apache\maven\m2\com\baomidou\mybatis-plus-generator\3.0.1\mybatis-plus-generator-3.0.1.jar;D:\dev\soft\apache\maven\m2\org\apache\velocity\velocity-engine-core\2.0\velocity-engine-core-2.0.jar;D:\dev\soft\apache\maven\m2\org\apache\commons\commons-lang3\3.7\commons-lang3-3.7.jar;D:\dev\soft\apache\maven\m2\org\freemarker\freemarker\2.3.28\freemarker-2.3.28.jar;D:\dev\soft\apache\maven\m2\org\springframework\boot\spring-boot-starter-jdbc\2.0.5.RELEASE\spring-boot-starter-jdbc-2.0.5.RELEASE.jar;D:\dev\soft\apache\maven\m2\com\zaxxer\HikariCP\2.7.9\HikariCP-2.7.9.jar;D:\dev\soft\apache\maven\m2\org\springframework\spring-jdbc\5.0.9.RELEASE\spring-jdbc-5.0.9.RELEASE.jar;D:\dev\soft\apache\maven\m2\org\springframework\spring-tx\5.0.9.RELEASE\spring-tx-5.0.9.RELEASE.jar;D:\dev\soft\apache\maven\m2\com\alibaba\druid-spring-boot-starter\1.1.22\druid-spring-boot-starter-1.1.22.jar;D:\dev\soft\apache\maven\m2\com\alibaba\druid\1.1.10\druid-1.1.10.jar;D:\dev\soft\apache\maven\m2\mysql\mysql-connector-java\5.1.48\mysql-connector-java-5.1.48.jar;D:\dev\soft\apache\maven\m2\org\springframework\boot\spring-boot-starter-web\2.0.5.RELEASE\spring-boot-starter-web-2.0.5.RELEASE.jar;D:\dev\soft\apache\maven\m2\org\springframework\boot\spring-boot-starter-json\2.0.5.RELEASE\spring-boot-starter-json-2.0.5.RELEASE.jar;D:\dev\soft\apache\maven\m2\com\fasterxml\jackson\core\jackson-databind\2.9.6\jackson-databind-2.9.6.jar;D:\dev\soft\apache\maven\m2\com\fasterxml\jackson\core\jackson-annotations\2.9.0\jackson-annotations-2.9.0.jar;D:\dev\soft\apache\maven\m2\com\fasterxml\jackson\core\jackson-core\2.9.6\jackson-core-2.9.6.jar;D:\dev\soft\apache\maven\m2\com\fasterxml\jackson\datatype\jackson-datatype-jdk8\2.9.6\jackson-datatype-jdk8-2.9.6.jar;D:\dev\soft\apache\maven\m2\com\fasterxml\jackson\datatype\jackson-datatype-jsr310\2.9.6\jackson-datatype-jsr310-2.9.6.jar;D:\dev\soft\apache\maven\m2\com\fasterxml\jackson\module\jackson-module-parameter-names\2.9.6\jackson-module-parameter-names-2.9.6.jar;D:\dev\soft\apache\maven\m2\org\springframework\boot\spring-boot-starter-tomcat\2.0.5.RELEASE\spring-boot-starter-tomcat-2.0.5.RELEASE.jar;D:\dev\soft\apache\maven\m2\org\apache\tomcat\embed\tomcat-embed-core\8.5.34\tomcat-embed-core-8.5.34.jar;D:\dev\soft\apache\maven\m2\org\apache\tomcat\embed\tomcat-embed-el\8.5.34\tomcat-embed-el-8.5.34.jar;D:\dev\soft\apache\maven\m2\org\apache\tomcat\embed\tomcat-embed-websocket\8.5.34\tomcat-embed-websocket-8.5.34.jar;D:\dev\soft\apache\maven\m2\org\hibernate\validator\hibernate-validator\6.0.12.Final\hibernate-validator-6.0.12.Final.jar;D:\dev\soft\apache\maven\m2\javax\validation\validation-api\2.0.1.Final\validation-api-2.0.1.Final.jar;D:\dev\soft\apache\maven\m2\org\jboss\logging\jboss-logging\3.3.2.Final\jboss-logging-3.3.2.Final.jar;D:\dev\soft\apache\maven\m2\com\fasterxml\classmate\1.3.4\classmate-1.3.4.jar;D:\dev\soft\apache\maven\m2\org\springframework\spring-web\5.0.9.RELEASE\spring-web-5.0.9.RELEASE.jar;D:\dev\soft\apache\maven\m2\org\springframework\spring-beans\5.0.9.RELEASE\spring-beans-5.0.9.RELEASE.jar;D:\dev\soft\apache\maven\m2\org\springframework\spring-webmvc\5.0.9.RELEASE\spring-webmvc-5.0.9.RELEASE.jar;D:\dev\soft\apache\maven\m2\org\springframework\spring-aop\5.0.9.RELEASE\spring-aop-5.0.9.RELEASE.jar;D:\dev\soft\apache\maven\m2\org\springframework\spring-context\5.0.9.RELEASE\spring-context-5.0.9.RELEASE.jar;D:\dev\soft\apache\maven\m2\org\springframework\spring-expression\5.0.9.RELEASE\spring-expression-5.0.9.RELEASE.jar;D:\dev\soft\apache\maven\m2\junit\junit\4.12\junit-4.12.jar;D:\dev\soft\apache\maven\m2\org\hamcrest\hamcrest-core\1.3\hamcrest-core-1.3.jar;D:\dev\soft\apache\maven\m2\com\cx\tel\sales\tel-sales-commons\0.0.1-SNAPSHOT\tel-sales-commons-0.0.1-SNAPSHOT.jar;D:\dev\soft\apache\maven\m2\log4j\log4j\1.2.17\log4j-1.2.17.jar;D:\dev\soft\apache\maven\m2\org\slf4j\slf4j-api\1.7.25\slf4j-api-1.7.25.jar;D:\dev\soft\apache\maven\m2\com\alibaba\fastjson\1.2.47\fastjson-1.2.47.jar;D:\dev\soft\apache\maven\m2\com\google\guava\guava\24.1-jre\guava-24.1-jre.jar;D:\dev\soft\apache\maven\m2\com\google\code\findbugs\jsr305\1.3.9\jsr305-1.3.9.jar;D:\dev\soft\apache\maven\m2\org\checkerframework\checker-compat-qual\2.0.0\checker-compat-qual-2.0.0.jar;D:\dev\soft\apache\maven\m2\com\google\errorprone\error_prone_annotations\2.1.3\error_prone_annotations-2.1.3.jar;D:\dev\soft\apache\maven\m2\com\google\j2objc\j2objc-annotations\1.1\j2objc-annotations-1.1.jar;D:\dev\soft\apache\maven\m2\org\codehaus\mojo\animal-sniffer-annotations\1.14\animal-sniffer-annotations-1.14.jar;D:\dev\soft\apache\maven\m2\org\springframework\boot\spring-boot-starter\2.0.5.RELEASE\spring-boot-starter-2.0.5.RELEASE.jar;D:\dev\soft\apache\maven\m2\org\springframework\boot\spring-boot\2.0.5.RELEASE\spring-boot-2.0.5.RELEASE.jar;D:\dev\soft\apache\maven\m2\javax\annotation\javax.annotation-api\1.3.2\javax.annotation-api-1.3.2.jar;D:\dev\soft\apache\maven\m2\org\springframework\spring-core\5.0.9.RELEASE\spring-core-5.0.9.RELEASE.jar;D:\dev\soft\apache\maven\m2\org\springframework\spring-jcl\5.0.9.RELEASE\spring-jcl-5.0.9.RELEASE.jar;D:\dev\soft\apache\maven\m2\org\yaml\snakeyaml\1.19\snakeyaml-1.19.jar;D:\dev\soft\apache\maven\m2\org\springframework\boot\spring-boot-starter-test\2.0.5.RELEASE\spring-boot-starter-test-2.0.5.RELEASE.jar;D:\dev\soft\apache\maven\m2\org\springframework\boot\spring-boot-test\2.0.5.RELEASE\spring-boot-test-2.0.5.RELEASE.jar;D:\dev\soft\apache\maven\m2\org\springframework\boot\spring-boot-test-autoconfigure\2.0.5.RELEASE\spring-boot-test-autoconfigure-2.0.5.RELEASE.jar;D:\dev\soft\apache\maven\m2\com\jayway\jsonpath\json-path\2.4.0\json-path-2.4.0.jar;D:\dev\soft\apache\maven\m2\net\minidev\json-smart\2.3\json-smart-2.3.jar;D:\dev\soft\apache\maven\m2\net\minidev\accessors-smart\1.2\accessors-smart-1.2.jar;D:\dev\soft\apache\maven\m2\org\ow2\asm\asm\5.0.4\asm-5.0.4.jar;D:\dev\soft\apache\maven\m2\org\assertj\assertj-core\3.9.1\assertj-core-3.9.1.jar;D:\dev\soft\apache\maven\m2\org\mockito\mockito-core\2.15.0\mockito-core-2.15.0.jar;D:\dev\soft\apache\maven\m2\net\bytebuddy\byte-buddy\1.7.11\byte-buddy-1.7.11.jar;D:\dev\soft\apache\maven\m2\net\bytebuddy\byte-buddy-agent\1.7.11\byte-buddy-agent-1.7.11.jar;D:\dev\soft\apache\maven\m2\org\objenesis\objenesis\2.6\objenesis-2.6.jar;D:\dev\soft\apache\maven\m2\org\hamcrest\hamcrest-library\1.3\hamcrest-library-1.3.jar;D:\dev\soft\apache\maven\m2\org\skyscreamer\jsonassert\1.5.0\jsonassert-1.5.0.jar;D:\dev\soft\apache\maven\m2\com\vaadin\external\google\android-json\0.0.20131108.vaadin1\android-json-0.0.20131108.vaadin1.jar;D:\dev\soft\apache\maven\m2\org\springframework\spring-test\5.0.9.RELEASE\spring-test-5.0.9.RELEASE.jar;D:\dev\soft\apache\maven\m2\org\xmlunit\xmlunit-core\2.5.1\xmlunit-core-2.5.1.jar;D:\dev\soft\apache\maven\m2\org\springframework\boot\spring-boot-starter-logging\2.0.5.RELEASE\spring-boot-starter-logging-2.0.5.RELEASE.jar;D:\dev\soft\apache\maven\m2\ch\qos\logback\logback-classic\1.2.3\logback-classic-1.2.3.jar;D:\dev\soft\apache\maven\m2\ch\qos\logback\logback-core\1.2.3\logback-core-1.2.3.jar;D:\dev\soft\apache\maven\m2\org\apache\logging\log4j\log4j-to-slf4j\2.10.0\log4j-to-slf4j-2.10.0.jar;D:\dev\soft\apache\maven\m2\org\apache\logging\log4j\log4j-api\2.10.0\log4j-api-2.10.0.jar;D:\dev\soft\apache\maven\m2\org\slf4j\jul-to-slf4j\1.7.25\jul-to-slf4j-1.7.25.jar;D:\dev\soft\apache\maven\m2\org\springframework\boot\spring-boot-configuration-processor\2.0.5.RELEASE\spring-boot-configuration-processor-2.0.5.RELEASE.jar;D:\dev\soft\apache\maven\m2\org\springframework\boot\spring-boot-autoconfigure\2.0.5.RELEASE\spring-boot-autoconfigure-2.0.5.RELEASE.jar;"/>
    <property name="java.vm.vendor" value="Oracle Corporation"/>
    <property name="sun.arch.data.model" value="64"/>
    <property name="user.variant" value=""/>
    <property name="java.vendor.url" value="http://java.oracle.com/"/>
    <property name="user.timezone" value=""/>
    <property name="java.vm.specification.version" value="1.8"/>
    <property name="os.name" value="Windows 10"/>
    <property name="user.country" value="CN"/>
    <property name="sun.java.launcher" value="SUN_STANDARD"/>
    <property name="sun.boot.library.path" value="C:\Program Files\Java\jdk1.8.0_181\jre\bin"/>
    <property name="sun.java.command" value="C:\Users\24168\AppData\Local\Temp\surefire7805060695677721757\surefirebooter3928729314492441753.jar C:\Users\24168\AppData\Local\Temp\surefire7805060695677721757 2020-04-10T13-04-03_266-jvmRun1 surefire6677411185721236327tmp surefire_14821417926565547234tmp"/>
    <property name="surefire.test.class.path" value="D:\dev\dev-work\tongze_dev3\tel-sales-parent\tel-sales-module-account\target\test-classes;D:\dev\dev-work\tongze_dev3\tel-sales-parent\tel-sales-module-account\target\classes;D:\dev\dev-work\tongze_dev3\tel-sales-parent\tel-sales-persistence\target\tel-sales-persistence-0.0.1-SNAPSHOT.jar;D:\dev\soft\apache\maven\m2\org\apache\commons\commons-dbcp2\2.2.0\commons-dbcp2-2.2.0.jar;D:\dev\soft\apache\maven\m2\org\apache\commons\commons-pool2\2.5.0\commons-pool2-2.5.0.jar;D:\dev\soft\apache\maven\m2\com\baomidou\mybatis-plus-boot-starter\3.0.1\mybatis-plus-boot-starter-3.0.1.jar;D:\dev\soft\apache\maven\m2\com\baomidou\mybatis-plus\3.0.1\mybatis-plus-3.0.1.jar;D:\dev\soft\apache\maven\m2\com\baomidou\mybatis-plus-extension\3.0.1\mybatis-plus-extension-3.0.1.jar;D:\dev\soft\apache\maven\m2\com\baomidou\mybatis-plus-core\3.0.1\mybatis-plus-core-3.0.1.jar;D:\dev\soft\apache\maven\m2\com\baomidou\mybatis-plus-annotation\3.0.1\mybatis-plus-annotation-3.0.1.jar;D:\dev\soft\apache\maven\m2\com\github\jsqlparser\jsqlparser\1.2\jsqlparser-1.2.jar;D:\dev\soft\apache\maven\m2\org\mybatis\mybatis-spring\1.3.2\mybatis-spring-1.3.2.jar;D:\dev\soft\apache\maven\m2\org\mybatis\mybatis\3.4.6\mybatis-3.4.6.jar;D:\dev\soft\apache\maven\m2\com\baomidou\mybatis-plus-generator\3.0.1\mybatis-plus-generator-3.0.1.jar;D:\dev\soft\apache\maven\m2\org\apache\velocity\velocity-engine-core\2.0\velocity-engine-core-2.0.jar;D:\dev\soft\apache\maven\m2\org\apache\commons\commons-lang3\3.7\commons-lang3-3.7.jar;D:\dev\soft\apache\maven\m2\org\freemarker\freemarker\2.3.28\freemarker-2.3.28.jar;D:\dev\soft\apache\maven\m2\org\springframework\boot\spring-boot-starter-jdbc\2.0.5.RELEASE\spring-boot-starter-jdbc-2.0.5.RELEASE.jar;D:\dev\soft\apache\maven\m2\com\zaxxer\HikariCP\2.7.9\HikariCP-2.7.9.jar;D:\dev\soft\apache\maven\m2\org\springframework\spring-jdbc\5.0.9.RELEASE\spring-jdbc-5.0.9.RELEASE.jar;D:\dev\soft\apache\maven\m2\org\springframework\spring-tx\5.0.9.RELEASE\spring-tx-5.0.9.RELEASE.jar;D:\dev\soft\apache\maven\m2\com\alibaba\druid-spring-boot-starter\1.1.22\druid-spring-boot-starter-1.1.22.jar;D:\dev\soft\apache\maven\m2\com\alibaba\druid\1.1.10\druid-1.1.10.jar;D:\dev\soft\apache\maven\m2\mysql\mysql-connector-java\5.1.48\mysql-connector-java-5.1.48.jar;D:\dev\soft\apache\maven\m2\org\springframework\boot\spring-boot-starter-web\2.0.5.RELEASE\spring-boot-starter-web-2.0.5.RELEASE.jar;D:\dev\soft\apache\maven\m2\org\springframework\boot\spring-boot-starter-json\2.0.5.RELEASE\spring-boot-starter-json-2.0.5.RELEASE.jar;D:\dev\soft\apache\maven\m2\com\fasterxml\jackson\core\jackson-databind\2.9.6\jackson-databind-2.9.6.jar;D:\dev\soft\apache\maven\m2\com\fasterxml\jackson\core\jackson-annotations\2.9.0\jackson-annotations-2.9.0.jar;D:\dev\soft\apache\maven\m2\com\fasterxml\jackson\core\jackson-core\2.9.6\jackson-core-2.9.6.jar;D:\dev\soft\apache\maven\m2\com\fasterxml\jackson\datatype\jackson-datatype-jdk8\2.9.6\jackson-datatype-jdk8-2.9.6.jar;D:\dev\soft\apache\maven\m2\com\fasterxml\jackson\datatype\jackson-datatype-jsr310\2.9.6\jackson-datatype-jsr310-2.9.6.jar;D:\dev\soft\apache\maven\m2\com\fasterxml\jackson\module\jackson-module-parameter-names\2.9.6\jackson-module-parameter-names-2.9.6.jar;D:\dev\soft\apache\maven\m2\org\springframework\boot\spring-boot-starter-tomcat\2.0.5.RELEASE\spring-boot-starter-tomcat-2.0.5.RELEASE.jar;D:\dev\soft\apache\maven\m2\org\apache\tomcat\embed\tomcat-embed-core\8.5.34\tomcat-embed-core-8.5.34.jar;D:\dev\soft\apache\maven\m2\org\apache\tomcat\embed\tomcat-embed-el\8.5.34\tomcat-embed-el-8.5.34.jar;D:\dev\soft\apache\maven\m2\org\apache\tomcat\embed\tomcat-embed-websocket\8.5.34\tomcat-embed-websocket-8.5.34.jar;D:\dev\soft\apache\maven\m2\org\hibernate\validator\hibernate-validator\6.0.12.Final\hibernate-validator-6.0.12.Final.jar;D:\dev\soft\apache\maven\m2\javax\validation\validation-api\2.0.1.Final\validation-api-2.0.1.Final.jar;D:\dev\soft\apache\maven\m2\org\jboss\logging\jboss-logging\3.3.2.Final\jboss-logging-3.3.2.Final.jar;D:\dev\soft\apache\maven\m2\com\fasterxml\classmate\1.3.4\classmate-1.3.4.jar;D:\dev\soft\apache\maven\m2\org\springframework\spring-web\5.0.9.RELEASE\spring-web-5.0.9.RELEASE.jar;D:\dev\soft\apache\maven\m2\org\springframework\spring-beans\5.0.9.RELEASE\spring-beans-5.0.9.RELEASE.jar;D:\dev\soft\apache\maven\m2\org\springframework\spring-webmvc\5.0.9.RELEASE\spring-webmvc-5.0.9.RELEASE.jar;D:\dev\soft\apache\maven\m2\org\springframework\spring-aop\5.0.9.RELEASE\spring-aop-5.0.9.RELEASE.jar;D:\dev\soft\apache\maven\m2\org\springframework\spring-context\5.0.9.RELEASE\spring-context-5.0.9.RELEASE.jar;D:\dev\soft\apache\maven\m2\org\springframework\spring-expression\5.0.9.RELEASE\spring-expression-5.0.9.RELEASE.jar;D:\dev\soft\apache\maven\m2\junit\junit\4.12\junit-4.12.jar;D:\dev\soft\apache\maven\m2\org\hamcrest\hamcrest-core\1.3\hamcrest-core-1.3.jar;D:\dev\soft\apache\maven\m2\com\cx\tel\sales\tel-sales-commons\0.0.1-SNAPSHOT\tel-sales-commons-0.0.1-SNAPSHOT.jar;D:\dev\soft\apache\maven\m2\log4j\log4j\1.2.17\log4j-1.2.17.jar;D:\dev\soft\apache\maven\m2\org\slf4j\slf4j-api\1.7.25\slf4j-api-1.7.25.jar;D:\dev\soft\apache\maven\m2\com\alibaba\fastjson\1.2.47\fastjson-1.2.47.jar;D:\dev\soft\apache\maven\m2\com\google\guava\guava\24.1-jre\guava-24.1-jre.jar;D:\dev\soft\apache\maven\m2\com\google\code\findbugs\jsr305\1.3.9\jsr305-1.3.9.jar;D:\dev\soft\apache\maven\m2\org\checkerframework\checker-compat-qual\2.0.0\checker-compat-qual-2.0.0.jar;D:\dev\soft\apache\maven\m2\com\google\errorprone\error_prone_annotations\2.1.3\error_prone_annotations-2.1.3.jar;D:\dev\soft\apache\maven\m2\com\google\j2objc\j2objc-annotations\1.1\j2objc-annotations-1.1.jar;D:\dev\soft\apache\maven\m2\org\codehaus\mojo\animal-sniffer-annotations\1.14\animal-sniffer-annotations-1.14.jar;D:\dev\soft\apache\maven\m2\org\springframework\boot\spring-boot-starter\2.0.5.RELEASE\spring-boot-starter-2.0.5.RELEASE.jar;D:\dev\soft\apache\maven\m2\org\springframework\boot\spring-boot\2.0.5.RELEASE\spring-boot-2.0.5.RELEASE.jar;D:\dev\soft\apache\maven\m2\javax\annotation\javax.annotation-api\1.3.2\javax.annotation-api-1.3.2.jar;D:\dev\soft\apache\maven\m2\org\springframework\spring-core\5.0.9.RELEASE\spring-core-5.0.9.RELEASE.jar;D:\dev\soft\apache\maven\m2\org\springframework\spring-jcl\5.0.9.RELEASE\spring-jcl-5.0.9.RELEASE.jar;D:\dev\soft\apache\maven\m2\org\yaml\snakeyaml\1.19\snakeyaml-1.19.jar;D:\dev\soft\apache\maven\m2\org\springframework\boot\spring-boot-starter-test\2.0.5.RELEASE\spring-boot-starter-test-2.0.5.RELEASE.jar;D:\dev\soft\apache\maven\m2\org\springframework\boot\spring-boot-test\2.0.5.RELEASE\spring-boot-test-2.0.5.RELEASE.jar;D:\dev\soft\apache\maven\m2\org\springframework\boot\spring-boot-test-autoconfigure\2.0.5.RELEASE\spring-boot-test-autoconfigure-2.0.5.RELEASE.jar;D:\dev\soft\apache\maven\m2\com\jayway\jsonpath\json-path\2.4.0\json-path-2.4.0.jar;D:\dev\soft\apache\maven\m2\net\minidev\json-smart\2.3\json-smart-2.3.jar;D:\dev\soft\apache\maven\m2\net\minidev\accessors-smart\1.2\accessors-smart-1.2.jar;D:\dev\soft\apache\maven\m2\org\ow2\asm\asm\5.0.4\asm-5.0.4.jar;D:\dev\soft\apache\maven\m2\org\assertj\assertj-core\3.9.1\assertj-core-3.9.1.jar;D:\dev\soft\apache\maven\m2\org\mockito\mockito-core\2.15.0\mockito-core-2.15.0.jar;D:\dev\soft\apache\maven\m2\net\bytebuddy\byte-buddy\1.7.11\byte-buddy-1.7.11.jar;D:\dev\soft\apache\maven\m2\net\bytebuddy\byte-buddy-agent\1.7.11\byte-buddy-agent-1.7.11.jar;D:\dev\soft\apache\maven\m2\org\objenesis\objenesis\2.6\objenesis-2.6.jar;D:\dev\soft\apache\maven\m2\org\hamcrest\hamcrest-library\1.3\hamcrest-library-1.3.jar;D:\dev\soft\apache\maven\m2\org\skyscreamer\jsonassert\1.5.0\jsonassert-1.5.0.jar;D:\dev\soft\apache\maven\m2\com\vaadin\external\google\android-json\0.0.20131108.vaadin1\android-json-0.0.20131108.vaadin1.jar;D:\dev\soft\apache\maven\m2\org\springframework\spring-test\5.0.9.RELEASE\spring-test-5.0.9.RELEASE.jar;D:\dev\soft\apache\maven\m2\org\xmlunit\xmlunit-core\2.5.1\xmlunit-core-2.5.1.jar;D:\dev\soft\apache\maven\m2\org\springframework\boot\spring-boot-starter-logging\2.0.5.RELEASE\spring-boot-starter-logging-2.0.5.RELEASE.jar;D:\dev\soft\apache\maven\m2\ch\qos\logback\logback-classic\1.2.3\logback-classic-1.2.3.jar;D:\dev\soft\apache\maven\m2\ch\qos\logback\logback-core\1.2.3\logback-core-1.2.3.jar;D:\dev\soft\apache\maven\m2\org\apache\logging\log4j\log4j-to-slf4j\2.10.0\log4j-to-slf4j-2.10.0.jar;D:\dev\soft\apache\maven\m2\org\apache\logging\log4j\log4j-api\2.10.0\log4j-api-2.10.0.jar;D:\dev\soft\apache\maven\m2\org\slf4j\jul-to-slf4j\1.7.25\jul-to-slf4j-1.7.25.jar;D:\dev\soft\apache\maven\m2\org\springframework\boot\spring-boot-configuration-processor\2.0.5.RELEASE\spring-boot-configuration-processor-2.0.5.RELEASE.jar;D:\dev\soft\apache\maven\m2\org\springframework\boot\spring-boot-autoconfigure\2.0.5.RELEASE\spring-boot-autoconfigure-2.0.5.RELEASE.jar;"/>
    <property name="sun.cpu.endian" value="little"/>
    <property name="user.home" value="C:\Users\24168"/>
    <property name="user.language" value="zh"/>
    <property name="java.specification.vendor" value="Oracle Corporation"/>
    <property name="java.home" value="C:\Program Files\Java\jdk1.8.0_181\jre"/>
    <property name="basedir" value="D:\dev\dev-work\tongze_dev3\tel-sales-parent\tel-sales-module-account"/>
    <property name="file.separator" value="\"/>
    <property name="line.separator" value="&#10;"/>
    <property name="java.vm.specification.vendor" value="Oracle Corporation"/>
    <property name="java.specification.name" value="Java Platform API Specification"/>
    <property name="java.awt.graphicsenv" value="sun.awt.Win32GraphicsEnvironment"/>
    <property name="surefire.real.class.path" value="C:\Users\24168\AppData\Local\Temp\surefire7805060695677721757\surefirebooter3928729314492441753.jar"/>
    <property name="sun.boot.class.path" value="C:\Program Files\Java\jdk1.8.0_181\jre\lib\resources.jar;C:\Program Files\Java\jdk1.8.0_181\jre\lib\rt.jar;C:\Program Files\Java\jdk1.8.0_181\jre\lib\sunrsasign.jar;C:\Program Files\Java\jdk1.8.0_181\jre\lib\jsse.jar;C:\Program Files\Java\jdk1.8.0_181\jre\lib\jce.jar;C:\Program Files\Java\jdk1.8.0_181\jre\lib\charsets.jar;C:\Program Files\Java\jdk1.8.0_181\jre\lib\jfr.jar;C:\Program Files\Java\jdk1.8.0_181\jre\classes"/>
    <property name="user.script" value=""/>
    <property name="sun.management.compiler" value="HotSpot 64-Bit Tiered Compilers"/>
    <property name="java.runtime.version" value="1.8.0_181-b13"/>
    <property name="user.name" value="24168"/>
    <property name="path.separator" value=";"/>
    <property name="os.version" value="10.0"/>
    <property name="java.endorsed.dirs" value="C:\Program Files\Java\jdk1.8.0_181\jre\lib\endorsed"/>
    <property name="java.runtime.name" value="Java(TM) SE Runtime Environment"/>
    <property name="file.encoding" value="GBK"/>
    <property name="java.vm.name" value="Java HotSpot(TM) 64-Bit Server VM"/>
    <property name="localRepository" value="D:\dev\soft\apache\maven\m2"/>
    <property name="java.vendor.url.bug" value="http://bugreport.sun.com/bugreport/"/>
    <property name="java.io.tmpdir" value="C:\Users\24168\AppData\Local\Temp\"/>
    <property name="java.version" value="1.8.0_181"/>
    <property name="user.dir" value="D:\dev\dev-work\tongze_dev3\tel-sales-parent\tel-sales-module-account"/>
    <property name="os.arch" value="amd64"/>
    <property name="java.vm.specification.name" value="Java Virtual Machine Specification"/>
    <property name="java.awt.printerjob" value="sun.awt.windows.WPrinterJob"/>
    <property name="sun.os.patch.level" value=""/>
    <property name="java.library.path" value="C:\Program Files\Java\jdk1.8.0_181\jre\bin;C:\WINDOWS\Sun\Java\bin;C:\WINDOWS\system32;C:\WINDOWS;C:/Program Files/Java/jre1.8.0_181/bin/server;C:/Program Files/Java/jre1.8.0_181/bin;C:/Program Files/Java/jre1.8.0_181/lib/amd64;C:\Program Files (x86)\Common Files\Oracle\Java\javapath;C:\Program Files (x86)\Common Files\Intel\Shared Libraries\redist\intel64\compiler;D:\python\sdk\Scripts\;D:\python\sdk\;C:\WINDOWS\system32;C:\WINDOWS;C:\WINDOWS\System32\Wbem;C:\WINDOWS\System32\WindowsPowerShell\v1.0\;C:\Program Files\Java\jdk1.7.0_80\bin;D:\dev\tools\version\svn\bin;D:\dev\soft\apache\maven\apache-maven-3.6.0\bin;D:\dev\tools\version\git\Git\cmd;C:\Program Files (x86)\MySQL\MySQL Utilities 1.6\;C:\WINDOWS\System32\OpenSSH\;D:\dev\soft\apache\ant\apache-ant-1.10.6\bin;D:\dev\tools\db\sqlserver\install2\100\Tools\Binn\;D:\dev\tools\db\sqlserver\install\100\Tools\Binn\;D:\dev\tools\db\sqlserver\install\100\DTS\Binn\;D:\dev\tools\db\sqlserver\install2\100\Tools\Binn\VSShell\Common7\IDE\;C:\Program Files (x86)\Microsoft Visual Studio 9.0\Common7\IDE\PrivateAssemblies\;D:\dev\tools\db\sqlserver\install2\100\DTS\Binn\;C:\WINDOWS;C:\WINDOWS\SysWOW64;C:\WINDOWS\SysWOW64\YYTPRO;D:\dev\soft\node\;C:\Users\24168\AppData\Local\Microsoft\WindowsApps;D:\dev\tools\vscode\Microsoft VS Code\bin;D:\dev\soft\node\node_global;;D:\dev\tools\idea\IntelliJ IDEA 2019.3.4\bin;;D:\dev\tools\sts\spring-tools\sts-4.1.1.RELEASE;;."/>
    <property name="java.vm.info" value="mixed mode"/>
    <property name="java.vendor" value="Oracle Corporation"/>
    <property name="java.vm.version" value="25.181-b13"/>
    <property name="java.ext.dirs" value="C:\Program Files\Java\jdk1.8.0_181\jre\lib\ext;C:\WINDOWS\Sun\Java\lib\ext"/>
    <property name="sun.io.unicode.encoding" value="UnicodeLittle"/>
    <property name="java.class.version" value="52.0"/>
  </properties>
  <testcase name="testApp" classname="org.tel.sales.module.account.AppTest" time="0"/>
</testsuite>